<?xml version="1.0" encoding="utf-8"?><testsuites name="pytest tests"><testsuite name="pytest" errors="0" failures="0" skipped="0" tests="19" time="4.588" timestamp="2026-03-12T16:14:13.015160+00:00" hostname="agent-env-8fa38908-842a-47a7-b85c-cf980bc6ada4"><testcase classname="backend.tests.test_requests_freelancers.TestRequestsAPI" name="test_create_request_success" time="0.603" /><testcase classname="backend.tests.test_requests_freelancers.TestRequestsAPI" name="test_create_request_insufficient_justification" time="0.149" /><testcase classname="backend.tests.test_requests_freelancers.TestRequestsAPI" name="test_create_request_insufficient_lead_time" time="0.107" /><testcase classname="backend.tests.test_requests_freelancers.TestRequestsAPI" name="test_get_requests" time="0.470" /><testcase classname="backend.tests.test_requests_freelancers.TestRequestsAPI" name="test_approve_request_admin_success" time="0.107" /><testcase classname="backend.tests.test_requests_freelancers.TestRequestsAPI" name="test_approve_request_missing_vendor_fields" time="0.339" /><testcase classname="backend.tests.test_requests_freelancers.TestRequestsAPI" name="test_approve_request_non_admin_forbidden" time="0.161" /><testcase classname="backend.tests.test_requests_freelancers.TestRequestsAPI" name="test_reject_request_admin" time="0.387" /><testcase classname="backend.tests.test_requests_freelancers.TestRequestsAPI" name="test_hold_request_admin" time="0.350" /><testcase classname="backend.tests.test_requests_freelancers.TestFreelancersAPI" name="test_get_freelancers_admin_success" time="0.106" /><testcase classname="backend.tests.test_requests_freelancers.TestFreelancersAPI" name="test_get_freelancers_user_forbidden" time="0.136" /><testcase classname="backend.tests.test_requests_freelancers.TestFreelancersAPI" name="test_get_freelancers_manager_forbidden" time="0.469" /><testcase classname="backend.tests.test_requests_freelancers.TestFreelancersAPI" name="test_create_freelancer_admin_success" time="0.110" /><testcase classname="backend.tests.test_requests_freelancers.TestFreelancersAPI" name="test_create_freelancer_user_forbidden" time="0.112" /><testcase classname="backend.tests.test_requests_freelancers.TestFreelancersAPI" name="test_update_freelancer_admin" time="0.109" /><testcase classname="backend.tests.test_requests_freelancers.TestFreelancersAPI" name="test_filter_freelancers_by_service" time="0.125" /><testcase classname="backend.tests.test_requests_freelancers.TestFreelancersAPI" name="test_delete_freelancer_admin" time="0.246" /><testcase classname="backend.tests.test_requests_freelancers.TestCleanup" name="test_cleanup_test_requests" time="0.235" /><testcase classname="backend.tests.test_requests_freelancers.TestCleanup" name="test_cleanup_test_freelancers" time="0.140" /></testsuite></testsuites>