<?xml version="1.0" encoding="utf-8"?><testsuites name="pytest tests"><testsuite name="pytest" errors="0" failures="0" skipped="0" tests="16" time="5.635" timestamp="2026-03-12T10:59:19.605650+00:00" hostname="agent-env-b4a9993a-cc66-4f84-ab7c-7cc5b384ab91"><testcase classname="backend.tests.test_mach_traffic_controller.TestAuth" name="test_login_success" time="0.421" /><testcase classname="backend.tests.test_mach_traffic_controller.TestAuth" name="test_login_invalid_credentials" time="0.124" /><testcase classname="backend.tests.test_mach_traffic_controller.TestAuth" name="test_registration_domain_restriction" time="0.105" /><testcase classname="backend.tests.test_mach_traffic_controller.TestDashboard" name="test_dashboard_stats_returns_90_total_items" time="0.380" /><testcase classname="backend.tests.test_mach_traffic_controller.TestDashboard" name="test_dashboard_recent_activity" time="0.387" /><testcase classname="backend.tests.test_mach_traffic_controller.TestInventory" name="test_items_returns_90_items" time="0.381" /><testcase classname="backend.tests.test_mach_traffic_controller.TestInventory" name="test_items_have_sub_category_field" time="0.373" /><testcase classname="backend.tests.test_mach_traffic_controller.TestInventory" name="test_items_have_expected_categories" time="0.400" /><testcase classname="backend.tests.test_mach_traffic_controller.TestInventory" name="test_single_item_structure" time="0.384" /><testcase classname="backend.tests.test_mach_traffic_controller.TestPages" name="test_projects_endpoint" time="0.398" /><testcase classname="backend.tests.test_mach_traffic_controller.TestPages" name="test_issues_endpoint" time="0.387" /><testcase classname="backend.tests.test_mach_traffic_controller.TestPages" name="test_lost_items_endpoint" time="0.421" /><testcase classname="backend.tests.test_mach_traffic_controller.TestPages" name="test_maintenance_endpoint" time="0.456" /><testcase classname="backend.tests.test_mach_traffic_controller.TestPages" name="test_licences_endpoint" time="0.401" /><testcase classname="backend.tests.test_mach_traffic_controller.TestPages" name="test_active_checkouts_endpoint" time="0.402" /><testcase classname="backend.tests.test_mach_traffic_controller.TestCommandCenterRemoved" name="test_command_center_route_removed" time="0.101" /></testsuite></testsuites>