<?xml version="1.0" encoding="utf-8"?><testsuites name="pytest tests"><testsuite name="pytest" errors="0" failures="0" skipped="0" tests="12" time="4.356" timestamp="2026-03-12T11:44:35.855062+00:00" hostname="agent-env-b4a9993a-cc66-4f84-ab7c-7cc5b384ab91"><testcase classname="backend.tests.test_iteration10_features.TestItemUpdatePUT" name="test_put_items_endpoint_exists" time="0.598" /><testcase classname="backend.tests.test_iteration10_features.TestItemUpdatePUT" name="test_put_updates_total_quantity" time="0.337" /><testcase classname="backend.tests.test_iteration10_features.TestItemUpdatePUT" name="test_put_updates_location_field" time="0.358" /><testcase classname="backend.tests.test_iteration10_features.TestItemUpdatePUT" name="test_put_updates_status_and_condition" time="0.369" /><testcase classname="backend.tests.test_iteration10_features.TestItemUpdatePUT" name="test_put_accepts_all_edit_fields" time="0.264" /><testcase classname="backend.tests.test_iteration10_features.TestDocumentCategories" name="test_get_document_categories" time="0.453" /><testcase classname="backend.tests.test_iteration10_features.TestDocumentCategories" name="test_post_document_category_creates_new" time="0.229" /><testcase classname="backend.tests.test_iteration10_features.TestDocumentCategories" name="test_post_document_category_rejects_empty" time="0.109" /><testcase classname="backend.tests.test_iteration10_features.TestDocumentCategories" name="test_post_document_category_rejects_duplicate" time="0.250" /><testcase classname="backend.tests.test_iteration10_features.TestItemModelLocationField" name="test_items_have_location_field" time="0.465" /><testcase classname="backend.tests.test_iteration10_features.TestItemModelLocationField" name="test_create_item_with_location" time="0.225" /><testcase classname="backend.tests.test_iteration10_features.TestCleanup" name="test_cleanup_test_items" time="0.636" /></testsuite></testsuites>