<?xml version="1.0" encoding="utf-8"?><testsuites name="pytest tests"><testsuite name="pytest" errors="0" failures="0" skipped="0" tests="24" time="8.177" timestamp="2026-03-13T11:13:22.691897+00:00" hostname="agent-env-8fa38908-842a-47a7-b85c-cf980bc6ada4"><testcase classname="backend.tests.test_crm_freelancers_iter19.TestAuth" name="test_admin_login" time="0.472" /><testcase classname="backend.tests.test_crm_freelancers_iter19.TestAuth" name="test_user_login" time="0.326" /><testcase classname="backend.tests.test_crm_freelancers_iter19.TestCRMDashboard" name="test_crm_dashboard_loads" time="0.443" /><testcase classname="backend.tests.test_crm_freelancers_iter19.TestCRMLeads" name="test_create_lead_with_all_fields" time="0.464" /><testcase classname="backend.tests.test_crm_freelancers_iter19.TestCRMLeads" name="test_lead_score_calculation_high_budget_high_urgency" time="0.146" /><testcase classname="backend.tests.test_crm_freelancers_iter19.TestCRMLeads" name="test_get_leads_list" time="0.108" /><testcase classname="backend.tests.test_crm_freelancers_iter19.TestCRMLeads" name="test_update_lead_status" time="0.244" /><testcase classname="backend.tests.test_crm_freelancers_iter19.TestCRMLeads" name="test_activity_log_tracks_changes" time="0.398" /><testcase classname="backend.tests.test_crm_freelancers_iter19.TestCRMClients" name="test_create_client" time="0.555" /><testcase classname="backend.tests.test_crm_freelancers_iter19.TestCRMClients" name="test_onboarding_checkbox_toggle" time="0.314" /><testcase classname="backend.tests.test_crm_freelancers_iter19.TestCRMClients" name="test_convert_lead_to_client" time="0.334" /><testcase classname="backend.tests.test_crm_freelancers_iter19.TestFreelancersAccessControl" name="test_freelancers_returns_403_for_regular_user" time="0.441" /><testcase classname="backend.tests.test_crm_freelancers_iter19.TestFreelancersAccessControl" name="test_freelancers_returns_200_for_admin" time="0.435" /><testcase classname="backend.tests.test_crm_freelancers_iter19.TestFreelancersAccessControl" name="test_freelancer_payments_returns_403_for_regular_user" time="0.103" /><testcase classname="backend.tests.test_crm_freelancers_iter19.TestFreelancersAccessControl" name="test_freelancer_dashboard_returns_403_for_regular_user" time="0.110" /><testcase classname="backend.tests.test_crm_freelancers_iter19.TestFreelancerCRUD" name="test_create_freelancer_with_motion_capture" time="0.466" /><testcase classname="backend.tests.test_crm_freelancers_iter19.TestFreelancerCRUD" name="test_create_freelancer_per_shot_rate" time="0.112" /><testcase classname="backend.tests.test_crm_freelancers_iter19.TestFreelancerCRUD" name="test_create_freelancer_per_project_rate" time="0.105" /><testcase classname="backend.tests.test_crm_freelancers_iter19.TestFreelancerPayments" name="test_record_payment_for_freelancer" time="0.565" /><testcase classname="backend.tests.test_crm_freelancers_iter19.TestFreelancerPayments" name="test_freelancer_totals_update_after_payment" time="0.101" /><testcase classname="backend.tests.test_crm_freelancers_iter19.TestFreelancerPayments" name="test_record_partial_payment" time="0.215" /><testcase classname="backend.tests.test_crm_freelancers_iter19.TestFreelancerDashboard" name="test_dashboard_returns_correct_structure" time="0.423" /><testcase classname="backend.tests.test_crm_freelancers_iter19.TestCleanup" name="test_cleanup_test_freelancers" time="1.016" /><testcase classname="backend.tests.test_crm_freelancers_iter19.TestCleanup" name="test_cleanup_test_leads" time="0.136" /></testsuite></testsuites>