<?xml version="1.0" encoding="utf-8"?><testsuites name="pytest tests"><testsuite name="pytest" errors="0" failures="0" skipped="0" tests="12" time="2.763" timestamp="2026-03-12T11:20:26.401924+00:00" hostname="agent-env-b4a9993a-cc66-4f84-ab7c-7cc5b384ab91"><testcase classname="backend.tests.test_iteration9_features.TestCategoryMoves" name="test_lightcraft_jetset_vertical_origin_in_tracking" time="0.565" /><testcase classname="backend.tests.test_iteration9_features.TestCategoryMoves" name="test_lightcraft_jetset_floor_origin_in_tracking" time="0.147" /><testcase classname="backend.tests.test_iteration9_features.TestCategoryMoves" name="test_green_mats_in_chroma_mat" time="0.113" /><testcase classname="backend.tests.test_iteration9_features.TestCategoryMoves" name="test_tracking_category_exists" time="0.164" /><testcase classname="backend.tests.test_iteration9_features.TestCategoryMoves" name="test_chroma_mat_category_exists" time="0.114" /><testcase classname="backend.tests.test_iteration9_features.TestEnhancedItemFields" name="test_create_item_with_all_new_fields" time="0.213" /><testcase classname="backend.tests.test_iteration9_features.TestEnhancedItemFields" name="test_create_item_minimal_fields" time="0.216" /><testcase classname="backend.tests.test_iteration9_features.TestDocumentsAPI" name="test_get_documents_list" time="0.122" /><testcase classname="backend.tests.test_iteration9_features.TestDocumentsAPI" name="test_upload_and_delete_document" time="0.430" /><testcase classname="backend.tests.test_iteration9_features.TestDocumentsAPI" name="test_document_categories" time="0.359" /><testcase classname="backend.tests.test_iteration9_features.TestDashboardStats" name="test_dashboard_stats_structure" time="0.107" /><testcase classname="backend.tests.test_iteration9_features.TestItemModelFields" name="test_get_item_has_new_fields" time="0.105" /></testsuite></testsuites>