<?xml version="1.0" encoding="utf-8"?><testsuites name="pytest tests"><testsuite name="pytest" errors="0" failures="0" skipped="2" tests="15" time="9.339" timestamp="2026-03-12T13:46:41.204844+00:00" hostname="agent-env-8fa38908-842a-47a7-b85c-cf980bc6ada4"><testcase classname="backend.tests.test_rbac.TestAuthRoleReturns" name="test_login_returns_role_for_user" time="0.435" /><testcase classname="backend.tests.test_rbac.TestAuthRoleReturns" name="test_login_returns_role_for_manager" time="0.326" /><testcase classname="backend.tests.test_rbac.TestAuthRoleReturns" name="test_auth_me_returns_role" time="0.533" /><testcase classname="backend.tests.test_rbac.TestRegularUserRestrictions" name="test_user_cannot_create_item" time="0.479" /><testcase classname="backend.tests.test_rbac.TestRegularUserRestrictions" name="test_user_cannot_update_item" time="0.581" /><testcase classname="backend.tests.test_rbac.TestRegularUserRestrictions" name="test_user_cannot_delete_item" time="0.566" /><testcase classname="backend.tests.test_rbac.TestRegularUserRestrictions" name="test_user_cannot_delete_licence" time="0.602" /><testcase classname="backend.tests.test_rbac.TestRegularUserRestrictions" name="test_user_cannot_delete_asset" time="0.557" /><testcase classname="backend.tests.test_rbac.TestRegularUserRestrictions" name="test_user_cannot_resolve_issue" time="0.574" /><testcase classname="backend.tests.test_rbac.TestManagerPermissions" name="test_manager_can_create_item" time="0.463" /><testcase classname="backend.tests.test_rbac.TestManagerPermissions" name="test_manager_can_update_item" time="0.629" /><testcase classname="backend.tests.test_rbac.TestManagerPermissions" name="test_manager_cannot_delete_item" time="0.563" /><testcase classname="backend.tests.test_rbac.TestManagerPermissions" name="test_manager_can_delete_licence" time="0.557" /><testcase classname="backend.tests.test_rbac.TestAdminPermissions" name="test_admin_has_admin_role" time="1.152"><skipped type="pytest.skip" message="Could not authenticate admin: {&quot;detail&quot;:&quot;Invalid email or password&quot;}">/app/backend/tests/test_rbac.py:316: Could not authenticate admin: {"detail":"Invalid email or password"}</skipped></testcase><testcase classname="backend.tests.test_rbac.TestAdminPermissions" name="test_admin_can_delete_item" time="1.213"><skipped type="pytest.skip" message="Could not authenticate admin: {&quot;detail&quot;:&quot;Invalid email or password&quot;}">/app/backend/tests/test_rbac.py:324: Could not authenticate admin: {"detail":"Invalid email or password"}</skipped></testcase></testsuite></testsuites>