<?xml version="1.0" encoding="utf-8"?><testsuites name="pytest tests"><testsuite name="pytest" errors="0" failures="0" skipped="0" tests="22" time="9.996" timestamp="2026-03-13T11:42:22.556914+00:00" hostname="agent-env-cb29a09e-409a-4fe2-91f7-54152eabe049"><testcase classname="backend.tests.test_data_integrity_crm_cascade_iter20.TestAuthAndSetup" name="test_admin_login" time="0.500" /><testcase classname="backend.tests.test_data_integrity_crm_cascade_iter20.TestAuthAndSetup" name="test_manager_login" time="0.338" /><testcase classname="backend.tests.test_data_integrity_crm_cascade_iter20.TestDataIntegrityAudit" name="test_audit_integrity_admin_access" time="0.475" /><testcase classname="backend.tests.test_data_integrity_crm_cascade_iter20.TestDataIntegrityAudit" name="test_audit_integrity_manager_denied" time="0.481" /><testcase classname="backend.tests.test_data_integrity_crm_cascade_iter20.TestDataIntegrityAudit" name="test_audit_cleanup_admin_access" time="0.119" /><testcase classname="backend.tests.test_data_integrity_crm_cascade_iter20.TestDataIntegrityAudit" name="test_audit_cleanup_manager_denied" time="0.124" /><testcase classname="backend.tests.test_data_integrity_crm_cascade_iter20.TestDataIntegrityAudit" name="test_audit_integrity_returns_zero_after_cleanup" time="0.232" /><testcase classname="backend.tests.test_data_integrity_crm_cascade_iter20.TestCascadeDelete" name="test_create_item_and_cascade_delete" time="0.678" /><testcase classname="backend.tests.test_data_integrity_crm_cascade_iter20.TestCascadeDelete" name="test_delete_item_blocked_with_active_checkouts" time="1.089" /><testcase classname="backend.tests.test_data_integrity_crm_cascade_iter20.TestCascadeDelete" name="test_cascade_delete_project" time="0.667" /><testcase classname="backend.tests.test_data_integrity_crm_cascade_iter20.TestCRMCSVImport" name="test_csv_import_success" time="0.464" /><testcase classname="backend.tests.test_data_integrity_crm_cascade_iter20.TestCRMCSVImport" name="test_csv_import_duplicate_detection" time="0.244" /><testcase classname="backend.tests.test_data_integrity_crm_cascade_iter20.TestCRMCSVImport" name="test_csv_import_error_handling" time="0.100" /><testcase classname="backend.tests.test_data_integrity_crm_cascade_iter20.TestCRMLeadFilters" name="test_get_leads_returns_status_and_source" time="0.432" /><testcase classname="backend.tests.test_data_integrity_crm_cascade_iter20.TestCRMDashboard" name="test_crm_dashboard_stats" time="0.419" /><testcase classname="backend.tests.test_data_integrity_crm_cascade_iter20.TestCRMClientFilters" name="test_get_clients_returns_searchable_fields" time="0.436" /><testcase classname="backend.tests.test_data_integrity_crm_cascade_iter20.TestCRMLeadCRUD" name="test_create_lead" time="0.479" /><testcase classname="backend.tests.test_data_integrity_crm_cascade_iter20.TestCRMLeadCRUD" name="test_update_lead_status" time="0.216" /><testcase classname="backend.tests.test_data_integrity_crm_cascade_iter20.TestCRMClientCRUD" name="test_create_client" time="0.487" /><testcase classname="backend.tests.test_data_integrity_crm_cascade_iter20.TestCRMClientCRUD" name="test_client_onboarding_checklist" time="0.333" /><testcase classname="backend.tests.test_data_integrity_crm_cascade_iter20.TestCleanup" name="test_cleanup_test_leads" time="1.202" /><testcase classname="backend.tests.test_data_integrity_crm_cascade_iter20.TestCleanup" name="test_cleanup_test_clients" time="0.343" /></testsuite></testsuites>