<?xml version="1.0" encoding="utf-8"?><testsuites name="pytest tests"><testsuite name="pytest" errors="0" failures="0" skipped="0" tests="12" time="2.665" timestamp="2026-03-12T12:03:16.653133+00:00" hostname="agent-env-b4a9993a-cc66-4f84-ab7c-7cc5b384ab91"><testcase classname="backend.tests.test_inventory_issues_crosslink.TestItemConditionNeedsRepairAutoIssue" name="test_create_test_item" time="0.461" /><testcase classname="backend.tests.test_inventory_issues_crosslink.TestItemConditionNeedsRepairAutoIssue" name="test_put_condition_needs_repair_creates_issue" time="0.234" /><testcase classname="backend.tests.test_inventory_issues_crosslink.TestItemConditionNeedsRepairAutoIssue" name="test_issue_was_auto_created" time="0.109" /><testcase classname="backend.tests.test_inventory_issues_crosslink.TestIssueResolveRestoresItem" name="test_patch_issue_resolved_restores_item" time="0.228" /><testcase classname="backend.tests.test_inventory_issues_crosslink.TestIssueResolveViaQueryParam" name="test_create_new_issue_for_query_param_test" time="0.212" /><testcase classname="backend.tests.test_inventory_issues_crosslink.TestIssueResolveViaQueryParam" name="test_resolve_via_query_param" time="0.220" /><testcase classname="backend.tests.test_inventory_issues_crosslink.TestManualIssueCreationUpdatesItem" name="test_create_new_item_for_manual_issue" time="0.112" /><testcase classname="backend.tests.test_inventory_issues_crosslink.TestManualIssueCreationUpdatesItem" name="test_post_issue_updates_item_condition" time="0.260" /><testcase classname="backend.tests.test_inventory_issues_crosslink.TestIssueUpdateFields" name="test_patch_issue_updates_all_fields" time="0.124" /><testcase classname="backend.tests.test_inventory_issues_crosslink.TestDamagedConditionAutoIssue" name="test_create_item_for_damaged_test" time="0.107" /><testcase classname="backend.tests.test_inventory_issues_crosslink.TestDamagedConditionAutoIssue" name="test_put_condition_damaged_creates_issue" time="0.215" /><testcase classname="backend.tests.test_inventory_issues_crosslink.TestCleanup" name="test_cleanup_test_items" time="0.332" /></testsuite></testsuites>