<?xml version="1.0" encoding="utf-8"?><testsuites name="pytest tests"><testsuite name="pytest" errors="0" failures="0" skipped="0" tests="5" time="1.982" timestamp="2026-03-12T14:10:17.440116+00:00" hostname="agent-env-8fa38908-842a-47a7-b85c-cf980bc6ada4"><testcase classname="backend.tests.test_costing_auth.TestPasswordReset" name="test_admin_login_with_new_password" time="0.385" /><testcase classname="backend.tests.test_costing_auth.TestPasswordReset" name="test_manager_login_with_new_password" time="0.354" /><testcase classname="backend.tests.test_costing_auth.TestPasswordReset" name="test_regular_user_login" time="0.388" /><testcase classname="backend.tests.test_costing_auth.TestPasswordReset" name="test_invalid_password_returns_401" time="0.355" /><testcase classname="backend.tests.test_costing_auth.TestPasswordReset" name="test_get_current_user_after_login" time="0.458" /></testsuite></testsuites>